This file contains any messages produced by compilers while
running configure, to aid debugging if configure makes a mistake.

It was created by sirius configure 0.8.0, which was
generated by GNU Autoconf 2.57.  Invocation command line was

  $ ./configure --prefix=/usr

## --------- ##
## Platform. ##
## --------- ##

hostname = bitvis
uname -m = i686
uname -r = 2.4.20
uname -s = Linux
uname -v = #4 tis aug 5 09:54:05 CEST 2003

/usr/bin/uname -p = unknown
/bin/uname -X     = unknown

/bin/arch              = i686
/usr/bin/arch -k       = unknown
/usr/convex/getsysinfo = unknown
hostinfo               = unknown
/bin/machine           = unknown
/usr/bin/oslevel       = unknown
/bin/universe          = unknown

PATH: /usr/local/bin
PATH: /usr/bin
PATH: /bin
PATH: /usr/bin/X11
PATH: /usr/games


## ----------- ##
## Core tests. ##
## ----------- ##

configure:1489: checking for a BSD-compatible install
configure:1543: result: /usr/bin/install -c
configure:1554: checking whether build environment is sane
configure:1597: result: yes
configure:1612: checking whether make sets $(MAKE)
configure:1632: result: yes
configure:1664: checking for working aclocal-1.4
configure:1671: result: found
configure:1679: checking for working autoconf
configure:1686: result: found
configure:1694: checking for working automake-1.4
configure:1701: result: found
configure:1709: checking for working autoheader
configure:1716: result: found
configure:1724: checking for working makeinfo
configure:1731: result: found
configure:1747: checking whether to enable maintainer-specific portions of Makefiles
configure:1756: result: no
configure:1835: checking for perl
configure:1853: found /usr/bin/perl
configure:1865: result: /usr/bin/perl
configure:1944: checking for gcc
configure:1960: found /usr/bin/gcc
configure:1970: result: gcc
configure:2214: checking for C compiler version
configure:2217: gcc --version </dev/null >&5
gcc (GCC) 3.2.3 (Debian)
Copyright (C) 2002 Free Software Foundation, Inc.
This is free software; see the source for copying conditions.  There is NO
warranty; not even for MERCHANTABILITY or FITNESS FOR A PARTICULAR PURPOSE.

configure:2220: $? = 0
configure:2222: gcc -v </dev/null >&5
Reading specs from /usr/lib/gcc-lib/i386-linux/3.2.3/specs
Configured with: ../src/configure -v --enable-languages=c,c++,f77,objc,ada --prefix=/usr --mandir=/usr/share/man --infodir=/usr/share/info --with-gxx-include-dir=/usr/include/c++/3.2 --enable-shared --with-system-zlib --enable-nls --without-included-gettext --enable-__cxa_atexit --enable-clocale=gnu --enable-objc-gc i386-linux
Thread model: posix
gcc version 3.2.3 (Debian)
configure:2225: $? = 0
configure:2227: gcc -V </dev/null >&5
gcc: argument to `-V' is missing
configure:2230: $? = 1
configure:2254: checking for C compiler default output
configure:2257: gcc    conftest.c  >&5
configure:2260: $? = 0
configure:2306: result: a.out
configure:2311: checking whether the C compiler works
configure:2317: ./a.out
configure:2320: $? = 0
configure:2337: result: yes
configure:2344: checking whether we are cross compiling
configure:2346: result: no
configure:2349: checking for suffix of executables
configure:2351: gcc -o conftest    conftest.c  >&5
configure:2354: $? = 0
configure:2379: result: 
configure:2385: checking for suffix of object files
configure:2407: gcc -c   conftest.c >&5
configure:2410: $? = 0
configure:2432: result: o
configure:2436: checking whether we are using the GNU C compiler
configure:2461: gcc -c   conftest.c >&5
configure:2464: $? = 0
configure:2467: test -s conftest.o
configure:2470: $? = 0
configure:2483: result: yes
configure:2489: checking whether gcc accepts -g
configure:2511: gcc -c -g  conftest.c >&5
configure:2514: $? = 0
configure:2517: test -s conftest.o
configure:2520: $? = 0
configure:2531: result: yes
configure:2548: checking for gcc option to accept ANSI C
configure:2609: gcc  -c -g -O2  conftest.c >&5
configure:2612: $? = 0
configure:2615: test -s conftest.o
configure:2618: $? = 0
configure:2636: result: none needed
configure:2654: gcc -c -g -O2  conftest.c >&5
conftest.c:2: syntax error before "me"
configure:2657: $? = 1
configure: failed program was:
| #ifndef __cplusplus
|   choke me
| #endif
configure:2767: checking for strerror in -lcposix
configure:2798: gcc -o conftest -g -O2   conftest.c -lcposix   >&5
/usr/bin/ld: cannot find -lcposix
collect2: ld returned 1 exit status
configure:2801: $? = 1
configure: failed program was:
| #line 2774 "configure"
| /* confdefs.h.  */
| 
| #define PACKAGE_NAME "sirius"
| #define PACKAGE_TARNAME "sirius"
| #define PACKAGE_VERSION "0.8.0"
| #define PACKAGE_STRING "sirius 0.8.0"
| #define PACKAGE_BUGREPORT ""
| #define PACKAGE "sirius"
| #define VERSION "0.8.0"
| /* end confdefs.h.  */
| 
| /* Override any gcc2 internal prototype to avoid an error.  */
| #ifdef __cplusplus
| extern "C"
| #endif
| /* We use char because int might match the return type of a gcc2
|    builtin and then its argument prototype would still apply.  */
| char strerror ();
| int
| main ()
| {
| strerror ();
|   ;
|   return 0;
| }
configure:2819: result: no
configure:2873: checking for gcc
configure:2899: result: gcc
configure:3143: checking for C compiler version
configure:3146: gcc --version </dev/null >&5
gcc (GCC) 3.2.3 (Debian)
Copyright (C) 2002 Free Software Foundation, Inc.
This is free software; see the source for copying conditions.  There is NO
warranty; not even for MERCHANTABILITY or FITNESS FOR A PARTICULAR PURPOSE.

configure:3149: $? = 0
configure:3151: gcc -v </dev/null >&5
Reading specs from /usr/lib/gcc-lib/i386-linux/3.2.3/specs
Configured with: ../src/configure -v --enable-languages=c,c++,f77,objc,ada --prefix=/usr --mandir=/usr/share/man --infodir=/usr/share/info --with-gxx-include-dir=/usr/include/c++/3.2 --enable-shared --with-system-zlib --enable-nls --without-included-gettext --enable-__cxa_atexit --enable-clocale=gnu --enable-objc-gc i386-linux
Thread model: posix
gcc version 3.2.3 (Debian)
configure:3154: $? = 0
configure:3156: gcc -V </dev/null >&5
gcc: argument to `-V' is missing
configure:3159: $? = 1
configure:3162: checking whether we are using the GNU C compiler
configure:3209: result: yes
configure:3215: checking whether gcc accepts -g
configure:3257: result: yes
configure:3274: checking for gcc option to accept ANSI C
configure:3362: result: none needed
configure:3380: gcc -c -g -O2  conftest.c >&5
conftest.c:2: syntax error before "me"
configure:3383: $? = 1
configure: failed program was:
| #ifndef __cplusplus
|   choke me
| #endif
configure:3496: checking how to run the C preprocessor
configure:3532: gcc -E  conftest.c
configure:3538: $? = 0
configure:3570: gcc -E  conftest.c
configure:3571:28: ac_nonexistent.h: No such file or directory
configure:3576: $? = 1
configure: failed program was:
| #line 3561 "configure"
| /* confdefs.h.  */
| 
| #define PACKAGE_NAME "sirius"
| #define PACKAGE_TARNAME "sirius"
| #define PACKAGE_VERSION "0.8.0"
| #define PACKAGE_STRING "sirius 0.8.0"
| #define PACKAGE_BUGREPORT ""
| #define PACKAGE "sirius"
| #define VERSION "0.8.0"
| /* end confdefs.h.  */
| #include <ac_nonexistent.h>
configure:3614: result: gcc -E
configure:3639: gcc -E  conftest.c
configure:3645: $? = 0
configure:3677: gcc -E  conftest.c
configure:3678:28: ac_nonexistent.h: No such file or directory
configure:3683: $? = 1
configure: failed program was:
| #line 3668 "configure"
| /* confdefs.h.  */
| 
| #define PACKAGE_NAME "sirius"
| #define PACKAGE_TARNAME "sirius"
| #define PACKAGE_VERSION "0.8.0"
| #define PACKAGE_STRING "sirius 0.8.0"
| #define PACKAGE_BUGREPORT ""
| #define PACKAGE "sirius"
| #define VERSION "0.8.0"
| /* end confdefs.h.  */
| #include <ac_nonexistent.h>
configure:3726: checking for egrep
configure:3736: result: grep -E
configure:3741: checking for ANSI C header files
configure:3767: gcc -c -g -O2  conftest.c >&5
configure:3770: $? = 0
configure:3773: test -s conftest.o
configure:3776: $? = 0
configure:3865: gcc -o conftest -g -O2   conftest.c  >&5
configure:3868: $? = 0
configure:3870: ./conftest
configure:3873: $? = 0
configure:3888: result: yes
configure:3970: checking build system type
configure:3988: result: i686-pc-linux-gnu
configure:3996: checking host system type
configure:4010: result: i686-pc-linux-gnu
configure:4040: checking for ld used by GCC
configure:4103: result: /usr/bin/ld
configure:4112: checking if the linker (/usr/bin/ld) is GNU ld
GNU ld version 2.14.90.0.5 20030722 Debian GNU/Linux
configure:4124: result: yes
configure:4129: checking for /usr/bin/ld option to reload object files
configure:4136: result: -r
configure:4141: checking for BSD-compatible nm
configure:4177: result: /usr/bin/nm -B
configure:4180: checking for a sed that does not truncate output
configure:4262: result: /bin/sed
configure:4265: checking whether ln -s works
configure:4269: result: yes
configure:4276: checking how to recognise dependent libraries
configure:4457: result: pass_all
configure:4469: checking command to parse /usr/bin/nm -B output
configure:4553: gcc -c -g -O2  conftest.c >&5
configure:4556: $? = 0
configure:4560: /usr/bin/nm -B conftest.o \| sed -n -e 's/^.*[ 	]\([ABCDGISTW][ABCDGISTW]*\)[ 	][ 	]*\(\)\([_A-Za-z][_A-Za-z0-9]*\)$/\1 \2\3 \3/p' \> conftest.nm
configure:4563: $? = 0
configure:4615: gcc -o conftest -g -O2   conftest.c conftstm.o >&5
configure:4618: $? = 0
configure:4662: result: ok
configure:4680: checking for sys/types.h
configure:4697: gcc -c -g -O2  conftest.c >&5
configure:4700: $? = 0
configure:4703: test -s conftest.o
configure:4706: $? = 0
configure:4717: result: yes
configure:4680: checking for sys/stat.h
configure:4697: gcc -c -g -O2  conftest.c >&5
configure:4700: $? = 0
configure:4703: test -s conftest.o
configure:4706: $? = 0
configure:4717: result: yes
configure:4680: checking for stdlib.h
configure:4697: gcc -c -g -O2  conftest.c >&5
configure:4700: $? = 0
configure:4703: test -s conftest.o
configure:4706: $? = 0
configure:4717: result: yes
configure:4680: checking for string.h
configure:4697: gcc -c -g -O2  conftest.c >&5
configure:4700: $? = 0
configure:4703: test -s conftest.o
configure:4706: $? = 0
configure:4717: result: yes
configure:4680: checking for memory.h
configure:4697: gcc -c -g -O2  conftest.c >&5
configure:4700: $? = 0
configure:4703: test -s conftest.o
configure:4706: $? = 0
configure:4717: result: yes
configure:4680: checking for strings.h
configure:4697: gcc -c -g -O2  conftest.c >&5
configure:4700: $? = 0
configure:4703: test -s conftest.o
configure:4706: $? = 0
configure:4717: result: yes
configure:4680: checking for inttypes.h
configure:4697: gcc -c -g -O2  conftest.c >&5
configure:4700: $? = 0
configure:4703: test -s conftest.o
configure:4706: $? = 0
configure:4717: result: yes
configure:4680: checking for stdint.h
configure:4697: gcc -c -g -O2  conftest.c >&5
configure:4700: $? = 0
configure:4703: test -s conftest.o
configure:4706: $? = 0
configure:4717: result: yes
configure:4680: checking for unistd.h
configure:4697: gcc -c -g -O2  conftest.c >&5
configure:4700: $? = 0
configure:4703: test -s conftest.o
configure:4706: $? = 0
configure:4717: result: yes
configure:4743: checking dlfcn.h usability
configure:4756: gcc -c -g -O2  conftest.c >&5
configure:4759: $? = 0
configure:4762: test -s conftest.o
configure:4765: $? = 0
configure:4775: result: yes
configure:4779: checking dlfcn.h presence
configure:4790: gcc -E  conftest.c
configure:4796: $? = 0
configure:4815: result: yes
configure:4851: checking for dlfcn.h
configure:4858: result: yes
configure:5056: checking for ranlib
configure:5072: found /usr/bin/ranlib
configure:5083: result: ranlib
configure:5136: checking for strip
configure:5152: found /usr/bin/strip
configure:5163: result: strip
configure:5373: checking for objdir
configure:5384: result: .libs
configure:5401: checking for gcc option to produce PIC
configure:5547: result: -fPIC
configure:5551: checking if gcc PIC flag -fPIC works
configure:5575: gcc -c -g -O2 -fPIC -DPIC  conftest.c >&5
configure:5578: $? = 0
configure:5581: test -s conftest.o
configure:5584: $? = 0
configure:5622: result: yes
configure:5638: checking if gcc static flag -static works
configure:5663: gcc -o conftest -g -O2   -static conftest.c  >&5
configure:5666: $? = 0
configure:5669: test -s conftest
configure:5672: $? = 0
configure:5688: result: yes
configure:5700: checking if gcc supports -c -o file.o
configure:5723: gcc -c -g -O2 -o out/conftest2.o  conftest.c >&5
configure:5744: result: yes
configure:5749: checking if gcc supports -c -o file.lo
configure:5777: gcc -c -g -O2 -c -o conftest.lo  conftest.c >&5
configure:5780: $? = 0
configure:5783: test -s conftest.lo
configure:5786: $? = 0
configure:5808: result: yes
configure:5839: checking if gcc supports -fno-rtti -fno-exceptions
configure:5862: gcc -c -g -O2 -fno-rtti -fno-exceptions -c conftest.c  conftest.c >&5
configure:5865: $? = 0
configure:5868: test -s conftest.o
configure:5871: $? = 0
configure:5888: result: yes
configure:5899: checking whether the linker (/usr/bin/ld) supports shared libraries
configure:6594: result: yes
configure:6599: checking how to hardcode library paths into programs
configure:6623: result: immediate
configure:6628: checking whether stripping libraries is possible
configure:6633: result: yes
configure:6644: checking dynamic linker characteristics
configure:7064: result: GNU/Linux ld.so
configure:7069: checking if libtool supports shared libraries
configure:7071: result: yes
configure:7074: checking whether to build shared libraries
configure:7095: result: yes
configure:7098: checking whether to build static libraries
configure:7102: result: yes
configure:7776: checking whether -lc should be explicitly linked in
configure:7784: gcc -c -g -O2  conftest.c >&5
configure:7787: $? = 0
configure:7801: gcc -shared conftest.o  -v -Wl,-soname -Wl,conftest -o conftest 2\>\&1 \| grep  -lc  \>/dev/null 2\>\&1
configure:7804: $? = 0
configure:7817: result: no
configure:8399: checking for pkg-config
configure:8417: found /usr/bin/pkg-config
configure:8430: result: /usr/bin/pkg-config
configure:8447: checking for gtk+-2.0 >= 1.3.13 gconf-2.0 libgnomeui-2.0 libgnomecanvas-2.0 libgnomeui-2.0 gdk-pixbuf-2.0
configure:8451: result: yes
configure:8455: checking PACKAGE_CFLAGS
configure:8458: result: -DORBIT2=1 -pthread -I/usr/include/gtk-2.0 -I/usr/lib/gtk-2.0/include -I/usr/include/atk-1.0 -I/usr/include/pango-1.0 -I/usr/include/freetype2 -I/usr/X11R6/include -I/usr/include/glib-2.0 -I/usr/lib/glib-2.0/include -I/usr/include/gconf/2 -I/usr/include/orbit-2.0 -I/usr/include/linc-1.0 -I/usr/include/libgnomeui-2.0 -I/usr/include/libgnome-2.0 -I/usr/include/libgnomecanvas-2.0 -I/usr/include/libart-2.0 -I/usr/include/libbonoboui-2.0 -I/usr/include/libbonobo-2.0 -I/usr/include/gnome-vfs-2.0 -I/usr/lib/gnome-vfs-2.0/include -I/usr/include/bonobo-activation-2.0 -I/usr/include/libxml2  
configure:8461: checking PACKAGE_LIBS
configure:8464: result: -Wl,--export-dynamic -pthread -L/usr/X11R6/lib -lgnomeui-2 -lSM -lICE -lbonoboui-2 -lxml2 -lpthread -lz -lgnomecanvas-2 -lgnome-2 -lart_lgpl_2 -lpangoft2-1.0 -lgtk-x11-2.0 -lgdk-x11-2.0 -latk-1.0 -lpangoxft-1.0 -lpangox-1.0 -lpango-1.0 -lbonobo-2 -lgconf-2 -lgnomevfs-2 -lbonobo-activation -lORBit-2 -llinc -lgthread-2.0 -lgdk_pixbuf-2.0 -lm -lgobject-2.0 -lgmodule-2.0 -ldl -lglib-2.0  
configure:8518: checking locale.h usability
configure:8531: gcc -c -g -O2  conftest.c >&5
configure:8534: $? = 0
configure:8537: test -s conftest.o
configure:8540: $? = 0
configure:8550: result: yes
configure:8554: checking locale.h presence
configure:8565: gcc -E  conftest.c
configure:8571: $? = 0
configure:8590: result: yes
configure:8626: checking for locale.h
configure:8633: result: yes
configure:8647: checking for LC_MESSAGES
configure:8669: gcc -o conftest -g -O2   conftest.c  >&5
configure:8672: $? = 0
configure:8675: test -s conftest
configure:8678: $? = 0
configure:8689: result: yes
configure:8718: checking libintl.h usability
configure:8731: gcc -c -g -O2  conftest.c >&5
configure:8734: $? = 0
configure:8737: test -s conftest.o
configure:8740: $? = 0
configure:8750: result: yes
configure:8754: checking libintl.h presence
configure:8765: gcc -E  conftest.c
configure:8771: $? = 0
configure:8790: result: yes
configure:8826: checking for libintl.h
configure:8833: result: yes
configure:8844: checking for dgettext in libc
configure:8868: gcc -o conftest -g -O2   conftest.c  >&5
configure:8871: $? = 0
configure:8874: test -s conftest
configure:8877: $? = 0
configure:8889: result: yes
configure:8897: checking for bind_textdomain_codeset
configure:8947: gcc -o conftest -g -O2   conftest.c  >&5
configure:8950: $? = 0
configure:8953: test -s conftest
configure:8956: $? = 0
configure:8967: result: yes
configure:9291: checking for msgfmt
configure:9318: result: /usr/bin/msgfmt
configure:9329: checking for dcgettext
configure:9379: gcc -o conftest -g -O2   conftest.c  >&5
configure:9382: $? = 0
configure:9385: test -s conftest
configure:9388: $? = 0
configure:9399: result: yes
configure:9411: checking for gmsgfmt
configure:9442: result: /usr/bin/msgfmt
configure:9451: checking for xgettext
configure:9478: result: /usr/bin/xgettext
configure:9503: gcc -o conftest -g -O2   conftest.c  >&5
configure:9506: $? = 0
configure:9509: test -s conftest
configure:9512: $? = 0
configure:9665: checking for catalogs to be installed
configure:9690: result:  sv fr de ru
configure:9839: creating ./config.status

## ---------------------- ##
## Running config.status. ##
## ---------------------- ##

This file was extended by sirius config.status 0.8.0, which was
generated by GNU Autoconf 2.57.  Invocation command line was

  CONFIG_FILES    = 
  CONFIG_HEADERS  = 
  CONFIG_LINKS    = 
  CONFIG_COMMANDS = 
  $ ./config.status 

on bitvis

config.status:698: creating Makefile
config.status:698: creating po/Makefile.in
config.status:698: creating data/Makefile
config.status:698: creating pixmaps/Makefile
config.status:698: creating src/Makefile
config.status:802: creating config.h
config.status:1023: executing default-1 commands
config.status:1023: executing default-2 commands
config.status:1023: executing default-3 commands

## ---------------- ##
## Cache variables. ##
## ---------------- ##

ac_cv_build=i686-pc-linux-gnu
ac_cv_build_alias=i686-pc-linux-gnu
ac_cv_c_compiler_gnu=yes
ac_cv_env_CC_set=
ac_cv_env_CC_value=
ac_cv_env_CFLAGS_set=
ac_cv_env_CFLAGS_value=
ac_cv_env_CPPFLAGS_set=
ac_cv_env_CPPFLAGS_value=
ac_cv_env_CPP_set=
ac_cv_env_CPP_value=
ac_cv_env_LDFLAGS_set=
ac_cv_env_LDFLAGS_value=
ac_cv_env_build_alias_set=
ac_cv_env_build_alias_value=
ac_cv_env_host_alias_set=
ac_cv_env_host_alias_value=
ac_cv_env_target_alias_set=
ac_cv_env_target_alias_value=
ac_cv_exeext=
ac_cv_func_bind_textdomain_codeset=yes
ac_cv_func_dcgettext=yes
ac_cv_header_dlfcn_h=yes
ac_cv_header_inttypes_h=yes
ac_cv_header_libintl_h=yes
ac_cv_header_locale_h=yes
ac_cv_header_memory_h=yes
ac_cv_header_stdc=yes
ac_cv_header_stdint_h=yes
ac_cv_header_stdlib_h=yes
ac_cv_header_string_h=yes
ac_cv_header_strings_h=yes
ac_cv_header_sys_stat_h=yes
ac_cv_header_sys_types_h=yes
ac_cv_header_unistd_h=yes
ac_cv_host=i686-pc-linux-gnu
ac_cv_host_alias=i686-pc-linux-gnu
ac_cv_lib_cposix_strerror=no
ac_cv_objext=o
ac_cv_path_GMSGFMT=/usr/bin/msgfmt
ac_cv_path_INTLTOOL_PERL=/usr/bin/perl
ac_cv_path_MSGFMT=/usr/bin/msgfmt
ac_cv_path_PKG_CONFIG=/usr/bin/pkg-config
ac_cv_path_XGETTEXT=/usr/bin/xgettext
ac_cv_path_install='/usr/bin/install -c'
ac_cv_prog_CPP='gcc -E'
ac_cv_prog_ac_ct_CC=gcc
ac_cv_prog_ac_ct_RANLIB=ranlib
ac_cv_prog_ac_ct_STRIP=strip
ac_cv_prog_cc_g=yes
ac_cv_prog_cc_stdc=
ac_cv_prog_egrep='grep -E'
ac_cv_prog_make_make_set=yes
am_cv_val_LC_MESSAGES=yes
gt_cv_func_dgettext_libc=yes
gt_cv_func_dgettext_libintl=no
gt_cv_have_gettext=yes
lt_cv_archive_cmds_need_lc=no
lt_cv_compiler_c_o=yes
lt_cv_compiler_o_lo=yes
lt_cv_deplibs_check_method=pass_all
lt_cv_file_magic_cmd='$MAGIC_CMD'
lt_cv_file_magic_test_file='/lib/libc.so.6 /lib/libc-2.3.1.so'
lt_cv_global_symbol_to_c_name_address='sed -n -e '\''s/^: \([^ ]*\) $/  {\"\1\", (lt_ptr) 0},/p'\'' -e '\''s/^[BCDEGRST] \([^ ]*\) \([^ ]*\)$/  {"\2", (lt_ptr) \&\2},/p'\'''
lt_cv_global_symbol_to_cdecl='sed -n -e '\''s/^. .* \(.*\)$/extern char \1;/p'\'''
lt_cv_ld_reload_flag=-r
lt_cv_path_LD=/usr/bin/ld
lt_cv_path_NM='/usr/bin/nm -B'
lt_cv_path_SED=/bin/sed
lt_cv_prog_cc_can_build_shared=yes
lt_cv_prog_cc_no_builtin=
lt_cv_prog_cc_pic=' -fPIC'
lt_cv_prog_cc_pic_works=yes
lt_cv_prog_cc_shlib=
lt_cv_prog_cc_static=-static
lt_cv_prog_cc_static_works=yes
lt_cv_prog_cc_wl=-Wl,
lt_cv_prog_gnu_ld=yes
lt_cv_sys_global_symbol_pipe='sed -n -e '\''s/^.*[ 	]\([ABCDGISTW][ABCDGISTW]*\)[ 	][ 	]*\(\)\([_A-Za-z][_A-Za-z0-9]*\)$/\1 \2\3 \3/p'\'''

## ----------------- ##
## Output variables. ##
## ----------------- ##

ACLOCAL='aclocal-1.4'
AUTOCONF='autoconf'
AUTOHEADER='autoheader'
AUTOMAKE='automake-1.4'
CATALOGS=' sv.gmo fr.gmo de.gmo ru.gmo'
CATOBJEXT='.gmo'
CC='gcc'
CFLAGS='-g -O3 -Wall'
CPP='gcc -E'
CPPFLAGS=''
DATADIRNAME='share'
DEFS='-DHAVE_CONFIG_H'
ECHO='echo'
ECHO_C=''
ECHO_N='-n'
ECHO_T=''
EGREP='grep -E'
EXEEXT=''
GETTEXT_PACKAGE='sirius'
GMOFILES=' sv.gmo fr.gmo de.gmo ru.gmo'
GMSGFMT='/usr/bin/msgfmt'
INSTALL_DATA='${INSTALL} -m 644'
INSTALL_PROGRAM='${INSTALL}'
INSTALL_SCRIPT='${INSTALL}'
INSTOBJEXT='.mo'
INTLLIBS=''
INTLTOOL_CAVES_RULE='%.caves:     %.caves.in     $(INTLTOOL_MERGE) $(wildcard $(top_srcdir)/po/*.po) ; LC_ALL=C $(INTLTOOL_MERGE) $(top_srcdir)/po $< $@ -d -u -c $(top_builddir)/po/.intltool-merge-cache'
INTLTOOL_DESKTOP_RULE='%.desktop:   %.desktop.in   $(INTLTOOL_MERGE) $(wildcard $(top_srcdir)/po/*.po) ; LC_ALL=C $(INTLTOOL_MERGE) $(top_srcdir)/po $< $@ -d -u -c $(top_builddir)/po/.intltool-merge-cache'
INTLTOOL_DIRECTORY_RULE='%.directory: %.directory.in $(INTLTOOL_MERGE) $(wildcard $(top_srcdir)/po/*.po) ; LC_ALL=C $(INTLTOOL_MERGE) $(top_srcdir)/po $< $@ -d -u -c $(top_builddir)/po/.intltool-merge-cache'
INTLTOOL_EXTRACT='$(top_builddir)/intltool-extract'
INTLTOOL_KEYS_RULE='%.keys:      %.keys.in      $(INTLTOOL_MERGE) $(wildcard $(top_srcdir)/po/*.po) ; LC_ALL=C $(INTLTOOL_MERGE) $(top_srcdir)/po $< $@ -k -u -c $(top_builddir)/po/.intltool-merge-cache'
INTLTOOL_MERGE='$(top_builddir)/intltool-merge'
INTLTOOL_OAF_RULE='%.oaf:       %.oaf.in       $(INTLTOOL_MERGE) $(wildcard $(top_srcdir)/po/*.po) ; LC_ALL=C $(INTLTOOL_MERGE) $(top_srcdir)/po $< $@ -o -p'
INTLTOOL_PERL='/usr/bin/perl'
INTLTOOL_PONG_RULE='%.pong:      %.pong.in      $(INTLTOOL_MERGE) $(wildcard $(top_srcdir)/po/*.po) ; LC_ALL=C $(INTLTOOL_MERGE) $(top_srcdir)/po $< $@ -x -u -c $(top_builddir)/po/.intltool-merge-cache'
INTLTOOL_PROP_RULE='%.prop:      %.prop.in      $(INTLTOOL_MERGE) $(wildcard $(top_srcdir)/po/*.po) ; LC_ALL=C $(INTLTOOL_MERGE) $(top_srcdir)/po $< $@ -d -u -c $(top_builddir)/po/.intltool-merge-cache'
INTLTOOL_SCHEMAS_RULE='%.schemas:   %.schemas.in   $(INTLTOOL_MERGE) $(wildcard $(top_srcdir)/po/*.po) ; LC_ALL=C $(INTLTOOL_MERGE) $(top_srcdir)/po $< $@ -s -u -c $(top_builddir)/po/.intltool-merge-cache'
INTLTOOL_SERVER_RULE='%.server:    %.server.in    $(INTLTOOL_MERGE) $(wildcard $(top_srcdir)/po/*.po) ; LC_ALL=C $(INTLTOOL_MERGE) $(top_srcdir)/po $< $@ -o -u -c $(top_builddir)/po/.intltool-merge-cache'
INTLTOOL_SHEET_RULE='%.sheet:     %.sheet.in     $(INTLTOOL_MERGE) $(wildcard $(top_srcdir)/po/*.po) ; LC_ALL=C $(INTLTOOL_MERGE) $(top_srcdir)/po $< $@ -x -u -c $(top_builddir)/po/.intltool-merge-cache'
INTLTOOL_SOUNDLIST_RULE='%.soundlist: %.soundlist.in $(INTLTOOL_MERGE) $(wildcard $(top_srcdir)/po/*.po) ; LC_ALL=C $(INTLTOOL_MERGE) $(top_srcdir)/po $< $@ -d -u -c $(top_builddir)/po/.intltool-merge-cache'
INTLTOOL_THEME_RULE='%.theme:     %.theme.in     $(INTLTOOL_MERGE) $(wildcard $(top_srcdir)/po/*.po) ; LC_ALL=C $(INTLTOOL_MERGE) $(top_srcdir)/po $< $@ -d -u -c $(top_builddir)/po/.intltool-merge-cache'
INTLTOOL_UI_RULE='%.ui:        %.ui.in        $(INTLTOOL_MERGE) $(wildcard $(top_srcdir)/po/*.po) ; LC_ALL=C $(INTLTOOL_MERGE) $(top_srcdir)/po $< $@ -x -u -c $(top_builddir)/po/.intltool-merge-cache'
INTLTOOL_UPDATE='$(top_builddir)/intltool-update'
INTLTOOL_XML_RULE='%.xml:       %.xml.in       $(INTLTOOL_MERGE) $(wildcard $(top_srcdir)/po/*.po) ; LC_ALL=C $(INTLTOOL_MERGE) $(top_srcdir)/po $< $@ -x -u -c $(top_builddir)/po/.intltool-merge-cache'
LDFLAGS=''
LIBOBJS=''
LIBS=''
LIBTOOL='$(SHELL) $(top_builddir)/libtool'
LN_S='ln -s'
LTLIBOBJS=''
MAINT='#'
MAINTAINER_MODE_FALSE=''
MAINTAINER_MODE_TRUE='#'
MAKEINFO='makeinfo'
MKINSTALLDIRS='./mkinstalldirs'
MSGFMT='/usr/bin/msgfmt'
OBJEXT='o'
PACKAGE='sirius'
PACKAGE_BUGREPORT=''
PACKAGE_CFLAGS='-DORBIT2=1 -pthread -I/usr/include/gtk-2.0 -I/usr/lib/gtk-2.0/include -I/usr/include/atk-1.0 -I/usr/include/pango-1.0 -I/usr/include/freetype2 -I/usr/X11R6/include -I/usr/include/glib-2.0 -I/usr/lib/glib-2.0/include -I/usr/include/gconf/2 -I/usr/include/orbit-2.0 -I/usr/include/linc-1.0 -I/usr/include/libgnomeui-2.0 -I/usr/include/libgnome-2.0 -I/usr/include/libgnomecanvas-2.0 -I/usr/include/libart-2.0 -I/usr/include/libbonoboui-2.0 -I/usr/include/libbonobo-2.0 -I/usr/include/gnome-vfs-2.0 -I/usr/lib/gnome-vfs-2.0/include -I/usr/include/bonobo-activation-2.0 -I/usr/include/libxml2  '
PACKAGE_LIBS='-Wl,--export-dynamic -pthread -L/usr/X11R6/lib -lgnomeui-2 -lSM -lICE -lbonoboui-2 -lxml2 -lpthread -lz -lgnomecanvas-2 -lgnome-2 -lart_lgpl_2 -lpangoft2-1.0 -lgtk-x11-2.0 -lgdk-x11-2.0 -latk-1.0 -lpangoxft-1.0 -lpangox-1.0 -lpango-1.0 -lbonobo-2 -lgconf-2 -lgnomevfs-2 -lbonobo-activation -lORBit-2 -llinc -lgthread-2.0 -lgdk_pixbuf-2.0 -lm -lgobject-2.0 -lgmodule-2.0 -ldl -lglib-2.0  '
PACKAGE_NAME='sirius'
PACKAGE_STRING='sirius 0.8.0'
PACKAGE_TARNAME='sirius'
PACKAGE_VERSION='0.8.0'
PATH_SEPARATOR=':'
PKG_CONFIG='/usr/bin/pkg-config'
POFILES=' sv.po fr.po de.po ru.po'
POSUB='po'
PO_IN_DATADIR_FALSE=''
PO_IN_DATADIR_TRUE=''
RANLIB='ranlib'
SET_MAKE=''
SHELL='/bin/sh'
STRIP='strip'
USE_NLS='yes'
VERSION='0.8.0'
XGETTEXT='/usr/bin/xgettext'
ac_ct_CC='gcc'
ac_ct_RANLIB='ranlib'
ac_ct_STRIP='strip'
bindir='${exec_prefix}/bin'
build='i686-pc-linux-gnu'
build_alias=''
build_cpu='i686'
build_os='linux-gnu'
build_vendor='pc'
datadir='${prefix}/share'
exec_prefix='${prefix}'
host='i686-pc-linux-gnu'
host_alias=''
host_cpu='i686'
host_os='linux-gnu'
host_vendor='pc'
includedir='${prefix}/include'
infodir='${prefix}/info'
libdir='${exec_prefix}/lib'
libexecdir='${exec_prefix}/libexec'
localstatedir='${prefix}/var'
mandir='${prefix}/man'
oldincludedir='/usr/include'
prefix='/usr'
program_transform_name='s,x,x,'
sbindir='${exec_prefix}/sbin'
sharedstatedir='${prefix}/com'
sysconfdir='${prefix}/etc'
target_alias=''

## ----------- ##
## confdefs.h. ##
## ----------- ##

#define ENABLE_NLS 1
#define GETTEXT_PACKAGE "sirius"
#define HAVE_BIND_TEXTDOMAIN_CODESET 1
#define HAVE_DCGETTEXT 1
#define HAVE_DLFCN_H 1
#define HAVE_GETTEXT 1
#define HAVE_INTTYPES_H 1
#define HAVE_LC_MESSAGES 1
#define HAVE_LOCALE_H 1
#define HAVE_MEMORY_H 1
#define HAVE_STDINT_H 1
#define HAVE_STDLIB_H 1
#define HAVE_STRINGS_H 1
#define HAVE_STRING_H 1
#define HAVE_SYS_STAT_H 1
#define HAVE_SYS_TYPES_H 1
#define HAVE_UNISTD_H 1
#define PACKAGE "sirius"
#define PACKAGE_BUGREPORT ""
#define PACKAGE_NAME "sirius"
#define PACKAGE_STRING "sirius 0.8.0"
#define PACKAGE_TARNAME "sirius"
#define PACKAGE_VERSION "0.8.0"
#define STDC_HEADERS 1
#define VERSION "0.8.0"

configure: exit 0
